[2024-11-28T16:35:09.779Z] INFO: -------------------
Входящий запрос:
Метод: GET
URL: /logs/level
Параметры запроса: {}
Тело запроса: {}
-------------------
[2024-11-28T16:35:09.783Z] INFO: -------------------
Ответ:
Статус: 200
Тело ответа: {"currentLevel":"debug","availableLevels":["error","warn","info","debug","trace"]}
Время выполнения: 4ms
-------------------
[2024-11-28T16:35:10.083Z] INFO: -------------------
Входящий запрос:
Метод: GET
URL: /favicon.ico
Параметры запроса: {}
Тело запроса: {}
-------------------
[2024-11-28T16:38:00.700Z] INFO: -------------------
Входящий запрос:
Метод: GET
URL: /test
Параметры запроса: {}
Тело запроса: {}
-------------------
[2024-11-28T16:38:00.703Z] INFO: -------------------
Ответ:
Статус: 200
Тело ответа: {"message":"Тестовое сообщение"}
Время выполнения: 3ms
-------------------
[2024-11-28T16:38:06.223Z] INFO: -------------------
Входящий запрос:
Метод: GET
URL: /test/debug
Параметры запроса: {}
Тело запроса: {}
-------------------
[2024-11-28T16:38:17.205Z] INFO: -------------------
Входящий запрос:
Метод: GET
URL: /test/info
Параметры запроса: {}
Тело запроса: {}
-------------------
[2024-11-28T16:39:19.909Z] INFO: -------------------
Входящий запрос:
Метод: GET
URL: /test/info
Параметры запроса: {}
Тело запроса: {}
-------------------
[2024-11-28T16:39:19.913Z] INFO: Это info сообщение
[2024-11-28T16:39:19.914Z] INFO: -------------------
Ответ:
Статус: 200
Тело ответа: {"level":"info"}
Время выполнения: 5ms
-------------------
[2024-11-28T16:39:32.178Z] INFO: -------------------
Входящий запрос:
Метод: GET
URL: /test/debug
Параметры запроса: {}
Тело запроса: {}
-------------------
[2024-11-28T16:39:32.180Z] DEBUG: Это debug сообщение
[2024-11-28T16:39:32.181Z] INFO: -------------------
Ответ:
Статус: 200
Тело ответа: {"level":"debug"}
Время выполнения: 3ms
-------------------
[2024-11-28T16:40:06.123Z] INFO: -------------------
Входящий запрос:
Метод: GET
URL: /test/warn
Параметры запроса: {}
Тело запроса: {}
-------------------
[2024-11-28T16:40:06.124Z] WARN: Это warning сообщение
[2024-11-28T16:40:06.125Z] WARN: -------------------
Ответ:
Статус: 400
Тело ответа: {"warning":"Тестовое предупреждение"}
Время выполнения: 2ms
-------------------
[2024-11-28T16:40:21.690Z] INFO: -------------------
Входящий запрос:
Метод: GET
URL: /test/error
Параметры запроса: {}
Тело запроса: {}
-------------------
[2024-11-28T16:40:21.693Z] ERROR: Это error сообщение
[2024-11-28T16:40:21.693Z] ERROR: -------------------
Ответ:
Статус: 500
Тело ответа: {"error":"Тестовая ошибка"}
Время выполнения: 3ms
-------------------
