[2024-11-29T10:33:54.570Z] INFO: -------------------
Входящий запрос:
Метод: GET
URL: /test/error
Параметры запроса: {}
Тело запроса: {}
-------------------
[2024-11-29T10:33:54.577Z] ERROR: Это error сообщение
[2024-11-29T10:33:54.578Z] ERROR: -------------------
Ответ:
Статус: 500
Тело ответа: {"error":"Тестовая ошибка"}
Время выполнения: 8ms
-------------------
[2024-11-29T10:33:55.197Z] INFO: -------------------
Входящий запрос:
Метод: GET
URL: /favicon.ico
Параметры запроса: {}
Тело запроса: {}
-------------------
[2024-11-29T10:34:03.383Z] INFO: -------------------
Входящий запрос:
Метод: GET
URL: /test/debug
Параметры запроса: {}
Тело запроса: {}
-------------------
[2024-11-29T10:34:03.386Z] DEBUG: Это debug сообщение
[2024-11-29T10:34:03.388Z] INFO: -------------------
Ответ:
Статус: 200
Тело ответа: {"level":"debug"}
Время выполнения: 5ms
-------------------
[2024-11-29T10:39:45.237Z] INFO: -------------------
Входящий запрос:
Метод: GET
URL: /test/warn
Параметры запроса: {}
Тело запроса: {}
-------------------
[2024-11-29T10:39:45.241Z] WARN: Это warning сообщение
[2024-11-29T10:39:45.243Z] WARN: -------------------
Ответ:
Статус: 400
Тело ответа: {"warning":"Тестовое предупреждение"}
Время выполнения: 6ms
-------------------
