
-------------------
Время: 2024-11-22T10:49:58.256Z
Входящий запрос:
Метод: GET
URL: /test
Параметры запроса: {}
Тело запроса: {}
-------------------
-------------------
Ответ:
Статус: 200
Тело ответа: {"message":"Тестовое сообщение"}
Время выполнения: 2ms
-------------------

-------------------
Время: 2024-11-22T10:50:44.590Z
Входящий запрос:
Метод: GET
URL: /test
Параметры запроса: {}
Тело запроса: {}
-------------------
-------------------
Ответ:
Статус: 200
Тело ответа: {"message":"Тестовое сообщение"}
Время выполнения: 1ms
-------------------

-------------------
Время: 2024-11-22T10:54:28.692Z
Входящий запрос:
Метод: GET
URL: /test
Параметры запроса: {}
Тело запроса: {}
-------------------
-------------------
Ответ:
Статус: 200
Тело ответа: {"message":"Тестовое сообщение"}
Время выполнения: 1ms
-------------------

-------------------
Время: 2024-11-22T10:59:35.269Z
Входящий запрос:
Метод: GET
URL: /test
Параметры запроса: {}
Тело запроса: {}
-------------------
-------------------
Ответ:
Статус: 200
Тело ответа: {"message":"Тестовое сообщение"}
Время выполнения: 0ms
-------------------

-------------------
Время: 2024-11-22T11:07:45.514Z
Входящий запрос:
Метод: GET
URL: /test
Параметры запроса: {}
Тело запроса: {}
-------------------
-------------------
Ответ:
Статус: 200
Тело ответа: {"message":"Тестовое сообщение"}
Время выполнения: 4ms
-------------------
[2024-11-22T11:13:33.332Z] INFO: -------------------
Входящий запрос:
Метод: GET
URL: /test
Параметры запроса: {}
Тело запроса: {}
-------------------
[2024-11-22T11:13:33.338Z] INFO: -------------------
Ответ:
Статус: 200
Тело ответа: {"message":"Тестовое сообщение"}
Время выполнения: 6ms
-------------------
[2024-11-22T11:14:42.084Z] INFO: -------------------
Входящий запрос:
Метод: GET
URL: /test
Параметры запроса: {}
Тело запроса: {}
-------------------
[2024-11-22T11:14:42.087Z] INFO: -------------------
Ответ:
Статус: 200
Тело ответа: {"message":"Тестовое сообщение"}
Время выполнения: 3ms
-------------------
[2024-11-22T11:14:54.445Z] INFO: -------------------
Входящий запрос:
Метод: GET
URL: /test
Параметры запроса: {}
Тело запроса: {}
-------------------
[2024-11-22T11:14:54.450Z] INFO: -------------------
Ответ:
Статус: 200
Тело ответа: {"message":"Тестовое сообщение"}
Время выполнения: 5ms
-------------------
[2024-11-22T11:18:47.489Z] INFO: -------------------
Входящий запрос:
Метод: GET
URL: /test
Параметры запроса: {}
Тело запроса: {}
-------------------
[2024-11-22T11:18:47.495Z] INFO: -------------------
Ответ:
Статус: 200
Тело ответа: {"message":"Тестовое сообщение"}
Время выполнения: 7ms
-------------------
[2024-11-22T11:28:16.649Z] INFO: -------------------
Входящий запрос:
Метод: GET
URL: /test%
Параметры запроса: {}
Тело запроса: {}
-------------------
[2024-11-22T11:28:21.548Z] INFO: -------------------
Входящий запрос:
Метод: GET
URL: /test
Параметры запроса: {}
Тело запроса: {}
-------------------
[2024-11-22T11:28:21.554Z] INFO: -------------------
Ответ:
Статус: 200
Тело ответа: {"message":"Тестовое сообщение"}
Время выполнения: 6ms
-------------------
[2024-11-22T11:33:24.411Z] INFO: -------------------
Входящий запрос:
Метод: GET
URL: /logs/level
Параметры запроса: {}
Тело запроса: {}
-------------------
[2024-11-22T11:33:24.417Z] INFO: -------------------
Ответ:
Статус: 200
Тело ответа: {"currentLevel":"info","availableLevels":["error","warn","info","debug","trace"]}
Время выполнения: 6ms
-------------------
[2024-11-22T11:33:38.292Z] INFO: -------------------
Входящий запрос:
Метод: POST
URL: /logs/level
Параметры запроса: {}
Тело запроса: {"level":"warn"}
-------------------
[2024-11-22T11:33:47.959Z] INFO: Уровень логирования изменен на trace
[2024-11-22T11:33:47.961Z] INFO: -------------------
Ответ:
Статус: 200
Тело ответа: {"message":"Уровень логирования изменен на trace","currentLevel":"trace"}
Время выполнения: 2ms
-------------------
[2024-11-22T11:34:00.682Z] INFO: -------------------
Входящий запрос:
Метод: GET
URL: /test
Параметры запроса: {}
Тело запроса: {}
-------------------
[2024-11-22T11:34:00.685Z] INFO: -------------------
Ответ:
Статус: 200
Тело ответа: {"message":"Тестовое сообщение"}
Время выполнения: 3ms
-------------------
[2024-11-22T11:34:04.073Z] INFO: -------------------
Входящий запрос:
Метод: GET
URL: /test
Параметры запроса: {}
Тело запроса: {}
-------------------
[2024-11-22T11:34:04.076Z] INFO: -------------------
Ответ:
Статус: 200
Тело ответа: {"message":"Тестовое сообщение"}
Время выполнения: 3ms
-------------------
[2024-11-22T11:41:04.787Z] WARN: -------------------
Ответ:
Статус: 400
Тело ответа: {"warning":"Тестовое предупреждение"}
Время выполнения: 0ms
-------------------
[2024-11-22T11:41:07.084Z] WARN: -------------------
Ответ:
Статус: 400
Тело ответа: {"warning":"Тестовое предупреждение"}
Время выполнения: 1ms
-------------------
[2024-11-22T11:47:55.719Z] INFO: -------------------
Входящий запрос:
Метод: GET
URL: /test
Параметры запроса: {}
Тело запроса: {}
-------------------
[2024-11-22T11:47:55.724Z] INFO: -------------------
Ответ:
Статус: 200
Тело ответа: {"message":"Тестовое сообщение"}
Время выполнения: 6ms
-------------------
